0 info it worked if it ends with ok
1 verbose cli [ 'node', '/usr/local/bin/npm', 'install', 'event-handle' ]
2 info using npm@2.10.1
3 info using node@v0.12.4
4 verbose install initial load of /Users/justinperez/Documents/TRAINCUBE/NBAapp/package.json
5 warn package.json nba@1.0.0 No description
6 warn package.json nba@1.0.0 No repository field.
7 warn package.json nba@1.0.0 No README data
8 verbose installManyTop reading scoped package data from /Users/justinperez/Documents/TRAINCUBE/NBAapp/node_modules/body-parser/package.json
9 verbose installManyTop reading scoped package data from /Users/justinperez/Documents/TRAINCUBE/NBAapp/node_modules/express/package.json
10 verbose installManyTop reading scoped package data from /Users/justinperez/Documents/TRAINCUBE/NBAapp/node_modules/json-parser/package.json
11 verbose installManyTop reading scoped package data from /Users/justinperez/Documents/TRAINCUBE/NBAapp/node_modules/mongodb/package.json
12 verbose installManyTop reading scoped package data from /Users/justinperez/Documents/TRAINCUBE/NBAapp/node_modules/mongojs/package.json
13 verbose installManyTop reading scoped package data from /Users/justinperez/Documents/TRAINCUBE/NBAapp/node_modules/mongoose/package.json
14 verbose installManyTop reading scoped package data from /Users/justinperez/Documents/TRAINCUBE/NBAapp/node_modules/nodemon/package.json
15 verbose installManyTop reading scoped package data from /Users/justinperez/Documents/TRAINCUBE/NBAapp/node_modules/route/package.json
16 verbose installManyTop reading scoped package data from /Users/justinperez/Documents/TRAINCUBE/NBAapp/node_modules/router/package.json
17 info package.json mongodb@2.0.33 license should be a valid SPDX license expression
18 info package.json mongojs@0.18.2 No license field.
19 info package.json nodemon@1.3.7 No license field.
20 info package.json route@0.2.5 'repositories' (plural) Not supported. Please pick one as the 'repository' field
21 info package.json route@0.2.5 No license field.
22 verbose readDependencies loading dependencies from /Users/justinperez/Documents/TRAINCUBE/NBAapp/package.json
23 silly cache add args [ 'event-handle', null ]
24 verbose cache add spec event-handle
25 silly cache add parsed spec { raw: 'event-handle',
25 silly cache add   scope: null,
25 silly cache add   name: 'event-handle',
25 silly cache add   rawSpec: '',
25 silly cache add   spec: '*',
25 silly cache add   type: 'range' }
26 silly addNamed event-handle@*
27 verbose addNamed "*" is a valid semver range for event-handle
28 silly addNameRange { name: 'event-handle', range: '*', hasData: false }
29 silly mapToRegistry name event-handle
30 silly mapToRegistry using default registry
31 silly mapToRegistry registry https://registry.npmjs.org/
32 silly mapToRegistry uri https://registry.npmjs.org/event-handle
33 verbose addNameRange registry:https://registry.npmjs.org/event-handle not in flight; fetching
34 verbose request uri https://registry.npmjs.org/event-handle
35 verbose request no auth needed
36 info attempt registry request try #1 at 11:14:36 AM
37 verbose request id 371e9c2cf6c3aac9
38 http request GET https://registry.npmjs.org/event-handle
39 http 404 https://registry.npmjs.org/event-handle
40 verbose headers { server: 'CouchDB/1.5.0 (Erlang OTP/R16B03)',
40 verbose headers   'content-type': 'application/json',
40 verbose headers   'cache-control': 'max-age=0',
40 verbose headers   'content-length': '51',
40 verbose headers   'accept-ranges': 'bytes',
40 verbose headers   date: 'Mon, 08 Jun 2015 15:14:36 GMT',
40 verbose headers   via: '1.1 varnish',
40 verbose headers   age: '0',
40 verbose headers   connection: 'keep-alive',
40 verbose headers   'x-served-by': 'cache-atl6235-ATL',
40 verbose headers   'x-cache': 'MISS',
40 verbose headers   'x-cache-hits': '0',
40 verbose headers   'x-timer': 'S1433776476.890818,VS0,VE83' }
41 silly get cb [ 404,
41 silly get   { server: 'CouchDB/1.5.0 (Erlang OTP/R16B03)',
41 silly get     'content-type': 'application/json',
41 silly get     'cache-control': 'max-age=0',
41 silly get     'content-length': '51',
41 silly get     'accept-ranges': 'bytes',
41 silly get     date: 'Mon, 08 Jun 2015 15:14:36 GMT',
41 silly get     via: '1.1 varnish',
41 silly get     age: '0',
41 silly get     connection: 'keep-alive',
41 silly get     'x-served-by': 'cache-atl6235-ATL',
41 silly get     'x-cache': 'MISS',
41 silly get     'x-cache-hits': '0',
41 silly get     'x-timer': 'S1433776476.890818,VS0,VE83' } ]
42 verbose stack Error: 404 Not Found: event-handle
42 verbose stack     at CachingRegistryClient.<anonymous> (/usr/local/lib/node_modules/npm/node_modules/npm-registry-client/lib/request.js:245:14)
42 verbose stack     at Request._callback (/usr/local/lib/node_modules/npm/node_modules/npm-registry-client/lib/request.js:170:14)
42 verbose stack     at Request.self.callback (/usr/local/lib/node_modules/npm/node_modules/request/request.js:368:22)
42 verbose stack     at Request.emit (events.js:110:17)
42 verbose stack     at Request.<anonymous> (/usr/local/lib/node_modules/npm/node_modules/request/request.js:1219:14)
42 verbose stack     at Request.emit (events.js:129:20)
42 verbose stack     at IncomingMessage.<anonymous> (/usr/local/lib/node_modules/npm/node_modules/request/request.js:1167:12)
42 verbose stack     at IncomingMessage.emit (events.js:129:20)
42 verbose stack     at _stream_readable.js:908:16
42 verbose stack     at process._tickCallback (node.js:355:11)
43 verbose statusCode 404
44 verbose pkgid event-handle
45 verbose cwd /Users/justinperez/Documents/TRAINCUBE/NBAapp
46 error Darwin 14.1.0
47 error argv "node" "/usr/local/bin/npm" "install" "event-handle"
48 error node v0.12.4
49 error npm  v2.10.1
50 error code E404
51 error 404 Not Found: event-handle
51 error 404
51 error 404 'event-handle' is not in the npm registry.
51 error 404 You should bug the author to publish it (or use the name yourself!)
51 error 404 It was specified as a dependency of 'nba'
51 error 404
51 error 404 Note that you can also install from a
51 error 404 tarball, folder, http url, or git url.
52 verbose exit [ 1, true ]
